[2024-09-24T12:44:47.036+0000] {manager.py:480} INFO - Processing files using up to 2 processes at a time 
[2024-09-24T12:44:47.042+0000] {manager.py:481} INFO - Process each file at most once every 30 seconds
[2024-09-24T12:44:47.042+0000] {manager.py:483} INFO - Checking for new files in /opt/airflow/dags every 300 seconds
[2024-09-24T12:44:47.042+0000] {manager.py:709} INFO - Searching for files in /opt/airflow/dags
[2024-09-24T12:44:47.043+0000] {manager.py:712} INFO - There are 0 files in /opt/airflow/dags
[2024-09-24T12:49:47.756+0000] {manager.py:709} INFO - Searching for files in /opt/airflow/dags
[2024-09-24T12:49:47.771+0000] {manager.py:712} INFO - There are 1 files in /opt/airflow/dags
[2024-09-24T12:49:48.825+0000] {manager.py:828} INFO - 
================================================================================
DAG File Processing Stats

File Path                                   PID  Runtime      # DAGs    # Errors  Last Runtime    Last Run
----------------------------------------  -----  ---------  --------  ----------  --------------  ----------
/opt/airflow/dags/final_projects_DAGS.py    196  1.03s             0           0
================================================================================
[2024-09-24T12:50:03.778+0000] {manager.py:462} INFO - Exiting gracefully upon receiving signal 15
[2024-09-24T12:51:48.029+0000] {manager.py:480} INFO - Processing files using up to 2 processes at a time 
[2024-09-24T12:51:48.032+0000] {manager.py:481} INFO - Process each file at most once every 30 seconds
[2024-09-24T12:51:48.032+0000] {manager.py:483} INFO - Checking for new files in /opt/airflow/dags every 300 seconds
[2024-09-24T12:51:48.033+0000] {manager.py:709} INFO - Searching for files in /opt/airflow/dags
[2024-09-24T12:51:48.038+0000] {manager.py:712} INFO - There are 1 files in /opt/airflow/dags
[2024-09-24T12:51:48.088+0000] {manager.py:828} INFO - 
================================================================================
DAG File Processing Stats

File Path                                   PID  Runtime      # DAGs    # Errors  Last Runtime    Last Run
----------------------------------------  -----  ---------  --------  ----------  --------------  ----------
/opt/airflow/dags/final_projects_DAGS.py    194  0.01s             0           0
================================================================================
[2024-09-24T12:52:18.246+0000] {manager.py:828} INFO - 
================================================================================
DAG File Processing Stats

File Path                                 PID    Runtime      # DAGs    # Errors  Last Runtime    Last Run
----------------------------------------  -----  ---------  --------  ----------  --------------  -------------------
/opt/airflow/dags/final_projects_DAGS.py                           0           1  0.81s           2024-09-24T12:52:06
================================================================================
[2024-09-24T12:52:48.505+0000] {manager.py:828} INFO - 
================================================================================
DAG File Processing Stats

File Path                                 PID    Runtime      # DAGs    # Errors  Last Runtime    Last Run
----------------------------------------  -----  ---------  --------  ----------  --------------  -------------------
/opt/airflow/dags/final_projects_DAGS.py                           1           0  0.77s           2024-09-24T12:52:48
================================================================================
[2024-09-24T12:53:18.673+0000] {manager.py:828} INFO - 
================================================================================
DAG File Processing Stats

File Path                                   PID  Runtime      # DAGs    # Errors  Last Runtime    Last Run
----------------------------------------  -----  ---------  --------  ----------  --------------  -------------------
/opt/airflow/dags/final_projects_DAGS.py    263  0.25s             1           0  0.77s           2024-09-24T12:52:48
================================================================================
[2024-09-24T12:53:48.831+0000] {manager.py:828} INFO - 
================================================================================
DAG File Processing Stats

File Path                                 PID    Runtime      # DAGs    # Errors  Last Runtime    Last Run
----------------------------------------  -----  ---------  --------  ----------  --------------  -------------------
/opt/airflow/dags/final_projects_DAGS.py                           1           0  0.79s           2024-09-24T12:53:19
================================================================================
[2024-09-24T12:54:19.611+0000] {manager.py:828} INFO - 
================================================================================
DAG File Processing Stats

File Path                                 PID    Runtime      # DAGs    # Errors  Last Runtime    Last Run
----------------------------------------  -----  ---------  --------  ----------  --------------  -------------------
/opt/airflow/dags/final_projects_DAGS.py                           1           0  1.21s           2024-09-24T12:53:50
================================================================================
[2024-09-24T12:54:48.450+0000] {manager.py:511} INFO - DAG final_projects is missing and will be deactivated.
[2024-09-24T12:54:48.467+0000] {manager.py:521} INFO - Deactivated 1 DAGs which are no longer present in file.
[2024-09-24T12:54:49.855+0000] {manager.py:828} INFO - 
================================================================================
DAG File Processing Stats

File Path                                 PID    Runtime      # DAGs    # Errors  Last Runtime    Last Run
----------------------------------------  -----  ---------  --------  ----------  --------------  -------------------
/opt/airflow/dags/final_projects_DAGS.py                           1           0  0.70s           2024-09-24T12:54:21
================================================================================
[2024-09-24T12:55:20.372+0000] {manager.py:828} INFO - 
================================================================================
DAG File Processing Stats

File Path                                 PID    Runtime      # DAGs    # Errors  Last Runtime    Last Run
----------------------------------------  -----  ---------  --------  ----------  --------------  -------------------
/opt/airflow/dags/final_projects_DAGS.py                           1           0  1.51s           2024-09-24T12:55:13
================================================================================
[2024-09-24T12:55:48.577+0000] {manager.py:511} INFO - DAG milestone3 is missing and will be deactivated.
[2024-09-24T12:55:48.587+0000] {manager.py:521} INFO - Deactivated 1 DAGs which are no longer present in file.
[2024-09-24T12:55:50.600+0000] {manager.py:828} INFO - 
================================================================================
DAG File Processing Stats

File Path                                 PID    Runtime      # DAGs    # Errors  Last Runtime    Last Run
----------------------------------------  -----  ---------  --------  ----------  --------------  -------------------
/opt/airflow/dags/final_projects_DAGS.py                           1           0  0.88s           2024-09-24T12:55:44
================================================================================
[2024-09-24T12:56:20.657+0000] {manager.py:828} INFO - 
================================================================================
DAG File Processing Stats

File Path                                 PID    Runtime      # DAGs    # Errors  Last Runtime    Last Run
----------------------------------------  -----  ---------  --------  ----------  --------------  -------------------
/opt/airflow/dags/final_projects_DAGS.py                           1           0  0.89s           2024-09-24T12:56:15
================================================================================
[2024-09-24T12:56:48.823+0000] {manager.py:709} INFO - Searching for files in /opt/airflow/dags
[2024-09-24T12:56:48.832+0000] {manager.py:712} INFO - There are 1 files in /opt/airflow/dags
[2024-09-24T12:56:50.857+0000] {manager.py:828} INFO - 
================================================================================
DAG File Processing Stats

File Path                                 PID    Runtime      # DAGs    # Errors  Last Runtime    Last Run
----------------------------------------  -----  ---------  --------  ----------  --------------  -------------------
/opt/airflow/dags/final_projects_DAGS.py                           1           0  1.02s           2024-09-24T12:56:46
================================================================================
[2024-09-24T12:57:21.120+0000] {manager.py:828} INFO - 
================================================================================
DAG File Processing Stats

File Path                                 PID    Runtime      # DAGs    # Errors  Last Runtime    Last Run
----------------------------------------  -----  ---------  --------  ----------  --------------  -------------------
/opt/airflow/dags/final_projects_DAGS.py                           1           0  0.71s           2024-09-24T12:57:17
================================================================================
[2024-09-24T12:57:52.023+0000] {manager.py:828} INFO - 
================================================================================
DAG File Processing Stats

File Path                                 PID    Runtime      # DAGs    # Errors  Last Runtime    Last Run
----------------------------------------  -----  ---------  --------  ----------  --------------  -------------------
/opt/airflow/dags/final_projects_DAGS.py                           1           0  1.11s           2024-09-24T12:57:49
================================================================================
[2024-09-24T12:58:22.252+0000] {manager.py:828} INFO - 
================================================================================
DAG File Processing Stats

File Path                                 PID    Runtime      # DAGs    # Errors  Last Runtime    Last Run
----------------------------------------  -----  ---------  --------  ----------  --------------  -------------------
/opt/airflow/dags/final_projects_DAGS.py                           1           0  0.78s           2024-09-24T12:58:19
================================================================================
[2024-09-24T12:58:52.371+0000] {manager.py:828} INFO - 
================================================================================
DAG File Processing Stats

File Path                                 PID    Runtime      # DAGs    # Errors  Last Runtime    Last Run
----------------------------------------  -----  ---------  --------  ----------  --------------  -------------------
/opt/airflow/dags/final_projects_DAGS.py                           1           0  0.74s           2024-09-24T12:58:50
================================================================================
[2024-09-24T12:59:22.521+0000] {manager.py:828} INFO - 
================================================================================
DAG File Processing Stats

File Path                                 PID    Runtime      # DAGs    # Errors  Last Runtime    Last Run
----------------------------------------  -----  ---------  --------  ----------  --------------  -------------------
/opt/airflow/dags/final_projects_DAGS.py                           1           0  0.77s           2024-09-24T12:59:21
================================================================================
[2024-09-24T12:59:52.621+0000] {manager.py:828} INFO - 
================================================================================
DAG File Processing Stats

File Path                                 PID    Runtime      # DAGs    # Errors  Last Runtime    Last Run
----------------------------------------  -----  ---------  --------  ----------  --------------  -------------------
/opt/airflow/dags/final_projects_DAGS.py                           1           0  0.72s           2024-09-24T12:59:52
================================================================================
[2024-09-24T13:00:22.791+0000] {manager.py:828} INFO - 
================================================================================
DAG File Processing Stats

File Path                                   PID  Runtime      # DAGs    # Errors  Last Runtime    Last Run
----------------------------------------  -----  ---------  --------  ----------  --------------  -------------------
/opt/airflow/dags/final_projects_DAGS.py    358  0.02s             1           0  0.72s           2024-09-24T12:59:52
================================================================================
[2024-09-24T13:00:53.282+0000] {manager.py:828} INFO - 
================================================================================
DAG File Processing Stats

File Path                                 PID    Runtime      # DAGs    # Errors  Last Runtime    Last Run
----------------------------------------  -----  ---------  --------  ----------  --------------  -------------------
/opt/airflow/dags/final_projects_DAGS.py                           1           0  0.71s           2024-09-24T13:00:23
================================================================================
[2024-09-24T13:01:23.633+0000] {manager.py:828} INFO - 
================================================================================
DAG File Processing Stats

File Path                                 PID    Runtime      # DAGs    # Errors  Last Runtime    Last Run
----------------------------------------  -----  ---------  --------  ----------  --------------  -------------------
/opt/airflow/dags/final_projects_DAGS.py                           1           0  1.22s           2024-09-24T13:01:05
================================================================================
[2024-09-24T13:01:49.527+0000] {manager.py:709} INFO - Searching for files in /opt/airflow/dags
[2024-09-24T13:01:49.546+0000] {manager.py:712} INFO - There are 1 files in /opt/airflow/dags
[2024-09-24T13:01:53.790+0000] {manager.py:828} INFO - 
================================================================================
DAG File Processing Stats

File Path                                 PID    Runtime      # DAGs    # Errors  Last Runtime    Last Run
----------------------------------------  -----  ---------  --------  ----------  --------------  -------------------
/opt/airflow/dags/final_projects_DAGS.py                           1           0  0.77s           2024-09-24T13:01:36
================================================================================
[2024-09-24T13:02:23.942+0000] {manager.py:828} INFO - 
================================================================================
DAG File Processing Stats

File Path                                 PID    Runtime      # DAGs    # Errors  Last Runtime    Last Run
----------------------------------------  -----  ---------  --------  ----------  --------------  -------------------
/opt/airflow/dags/final_projects_DAGS.py                           1           0  0.80s           2024-09-24T13:02:07
================================================================================
[2024-09-24T13:02:54.093+0000] {manager.py:828} INFO - 
================================================================================
DAG File Processing Stats

File Path                                 PID    Runtime      # DAGs    # Errors  Last Runtime    Last Run
----------------------------------------  -----  ---------  --------  ----------  --------------  -------------------
/opt/airflow/dags/final_projects_DAGS.py                           1           0  0.79s           2024-09-24T13:02:38
================================================================================
[2024-09-24T13:03:24.264+0000] {manager.py:828} INFO - 
================================================================================
DAG File Processing Stats

File Path                                 PID    Runtime      # DAGs    # Errors  Last Runtime    Last Run
----------------------------------------  -----  ---------  --------  ----------  --------------  -------------------
/opt/airflow/dags/final_projects_DAGS.py                           1           0  0.77s           2024-09-24T13:03:09
================================================================================
[2024-09-24T13:03:54.587+0000] {manager.py:828} INFO - 
================================================================================
DAG File Processing Stats

File Path                                 PID    Runtime      # DAGs    # Errors  Last Runtime    Last Run
----------------------------------------  -----  ---------  --------  ----------  --------------  -------------------
/opt/airflow/dags/final_projects_DAGS.py                           1           0  0.72s           2024-09-24T13:03:52
================================================================================
[2024-09-24T13:04:24.607+0000] {manager.py:828} INFO - 
================================================================================
DAG File Processing Stats

File Path                                 PID    Runtime      # DAGs    # Errors  Last Runtime    Last Run
----------------------------------------  -----  ---------  --------  ----------  --------------  -------------------
/opt/airflow/dags/final_projects_DAGS.py                           1           0  0.77s           2024-09-24T13:04:23
================================================================================
[2024-09-24T13:04:54.676+0000] {manager.py:828} INFO - 
================================================================================
DAG File Processing Stats

File Path                                 PID    Runtime      # DAGs    # Errors  Last Runtime    Last Run
----------------------------------------  -----  ---------  --------  ----------  --------------  -------------------
/opt/airflow/dags/final_projects_DAGS.py                           1           0  0.93s           2024-09-24T13:04:54
================================================================================
[2024-09-24T13:05:24.938+0000] {manager.py:828} INFO - 
================================================================================
DAG File Processing Stats

File Path                                   PID  Runtime      # DAGs    # Errors  Last Runtime    Last Run
----------------------------------------  -----  ---------  --------  ----------  --------------  -------------------
/opt/airflow/dags/final_projects_DAGS.py    436  0.03s             1           0  0.93s           2024-09-24T13:04:54
================================================================================
[2024-09-24T13:05:54.984+0000] {manager.py:828} INFO - 
================================================================================
DAG File Processing Stats

File Path                                 PID    Runtime      # DAGs    # Errors  Last Runtime    Last Run
----------------------------------------  -----  ---------  --------  ----------  --------------  -------------------
/opt/airflow/dags/final_projects_DAGS.py                           1           0  0.91s           2024-09-24T13:05:25
================================================================================
[2024-09-24T13:06:25.338+0000] {manager.py:828} INFO - 
================================================================================
DAG File Processing Stats

File Path                                 PID    Runtime      # DAGs    # Errors  Last Runtime    Last Run
----------------------------------------  -----  ---------  --------  ----------  --------------  -------------------
/opt/airflow/dags/final_projects_DAGS.py                           1           0  0.70s           2024-09-24T13:05:56
================================================================================
[2024-09-24T13:06:49.577+0000] {manager.py:709} INFO - Searching for files in /opt/airflow/dags
[2024-09-24T13:06:49.585+0000] {manager.py:712} INFO - There are 1 files in /opt/airflow/dags
[2024-09-24T13:06:55.486+0000] {manager.py:828} INFO - 
================================================================================
DAG File Processing Stats

File Path                                 PID    Runtime      # DAGs    # Errors  Last Runtime    Last Run
----------------------------------------  -----  ---------  --------  ----------  --------------  -------------------
/opt/airflow/dags/final_projects_DAGS.py                           1           0  0.67s           2024-09-24T13:06:27
================================================================================
[2024-09-24T13:07:25.737+0000] {manager.py:828} INFO - 
================================================================================
DAG File Processing Stats

File Path                                 PID    Runtime      # DAGs    # Errors  Last Runtime    Last Run
----------------------------------------  -----  ---------  --------  ----------  --------------  -------------------
/opt/airflow/dags/final_projects_DAGS.py                           1           0  0.78s           2024-09-24T13:06:58
================================================================================
[2024-09-24T13:07:55.888+0000] {manager.py:828} INFO - 
================================================================================
DAG File Processing Stats

File Path                                 PID    Runtime      # DAGs    # Errors  Last Runtime    Last Run
----------------------------------------  -----  ---------  --------  ----------  --------------  -------------------
/opt/airflow/dags/final_projects_DAGS.py                           1           0  0.73s           2024-09-24T13:07:29
================================================================================
[2024-09-24T13:08:26.056+0000] {manager.py:828} INFO - 
================================================================================
DAG File Processing Stats

File Path                                 PID    Runtime      # DAGs    # Errors  Last Runtime    Last Run
----------------------------------------  -----  ---------  --------  ----------  --------------  -------------------
/opt/airflow/dags/final_projects_DAGS.py                           1           0  0.81s           2024-09-24T13:08:00
================================================================================
[2024-09-24T13:08:56.330+0000] {manager.py:828} INFO - 
================================================================================
DAG File Processing Stats

File Path                                 PID    Runtime      # DAGs    # Errors  Last Runtime    Last Run
----------------------------------------  -----  ---------  --------  ----------  --------------  -------------------
/opt/airflow/dags/final_projects_DAGS.py                           1           0  0.72s           2024-09-24T13:08:30
================================================================================
[2024-09-24T13:09:26.508+0000] {manager.py:828} INFO - 
================================================================================
DAG File Processing Stats

File Path                                 PID    Runtime      # DAGs    # Errors  Last Runtime    Last Run
----------------------------------------  -----  ---------  --------  ----------  --------------  -------------------
/opt/airflow/dags/final_projects_DAGS.py                           1           0  0.81s           2024-09-24T13:09:01
================================================================================
[2024-09-24T13:09:35.996+0000] {manager.py:462} INFO - Exiting gracefully upon receiving signal 15
